4.628377042047371326e-01
5.025513231280391846e-01
4.809244096356938836e-01
4.563407301926335480e-01
4.105553577785673314e-01
4.419524544124032173e-01
4.823780704877155823e-01
4.841086191210769996e-01
4.951445749772550031e-01
4.458981052964657854e-01
4.180115501760193197e-01
4.502294213045356930e-01
4.114552430679137562e-01
4.604050472686986861e-01
4.946699102092463329e-01
5.287567738617920954e-01
4.376705826510006725e-01
4.265456271508220598e-01
4.641726988647583152e-01
4.165282227759957712e-01
4.395494640243640672e-01
4.674261302954763608e-01
4.304715003362190040e-01
4.599600490486913662e-01
4.112080218345778304e-01
4.645286974407641933e-01
4.652011391954418706e-01
4.981705628733028024e-01
4.478560974644972825e-01
4.631047031367415134e-01
4.455618844191270855e-01
4.462244373244725892e-01
4.943435781812408059e-01
4.600787152406921598e-01
4.110695779439079711e-01
4.394901309283643087e-01
4.410327914243885039e-01
3.991732921957178437e-01
4.902792611051764449e-01
4.128100154266033939e-01
4.771567580396328667e-01
4.626003718207332693e-01
4.466298801471441648e-01
4.420414540564039374e-01
4.582393892646648981e-01
4.828527352557238084e-01
4.347632609469549436e-01
4.167853328586673123e-01
4.480044302044995375e-01
4.570131719473112808e-01
4.383628021043453060e-01
4.173588861200084321e-01
4.373541394723289288e-01
4.276432894268404339e-01
3.980756299197000803e-01
4.619773743127231214e-01
4.809639650330270744e-01
4.165480004746632825e-01
4.368201416083205557e-01
4.886772675131503818e-01
4.951445749772541149e-01
4.943732447292408794e-01
4.180708832720210211e-01
4.428424508524163028e-01
4.715893358648766687e-01
4.783137534116517209e-01
4.789169732209950237e-01
4.265555160001563428e-01
4.222241999920876565e-01
4.695126775048442114e-01
4.259028519441457328e-01
4.400834618883736615e-01
4.443257782524409061e-01
4.489537597405148794e-01
4.433467821684249910e-01
4.410525691230550160e-01
4.614137099007143417e-01
4.552134013686149339e-01
4.548574027926090557e-01
4.261599620268166078e-01
4.259325184921465279e-01
4.490427593845167653e-01
4.134429017839461040e-01
4.191982120960382474e-01
4.484494284245060247e-01
4.983485621613059635e-01
4.290475060321959910e-01
4.573098374273146249e-01
4.596633835686859682e-01
4.761283177089498109e-01
4.256061864641416115e-01
4.273861793441694479e-01
4.513171947312192844e-01
4.889343775958213678e-01
4.291661722241985610e-01
4.768304260116279503e-01
4.478264309164965984e-01
4.863830544677797962e-01
4.912582571891909722e-01
4.622147066967270956e-01
4.454234405284576148e-01
4.337348206162715547e-01
4.669613543768023067e-01
4.769589810529630269e-01
4.683260155848248396e-01
4.591590522526785567e-01
4.272872908508351109e-01
4.531664095565819395e-01
5.040346505280629552e-01
4.548771804912766226e-01
4.405284601083791496e-01
4.432874490724240668e-01
5.180174834856201560e-01
4.588030536766727341e-01
4.525038566512384342e-01
4.446125548831121321e-01
4.264368498081546055e-01
4.363751433883137354e-01
4.485384280685080216e-01
4.540465171472629624e-01
4.860567224397748798e-01
4.306198330762215920e-01
4.709960049048668718e-01
4.409734583283869691e-01
5.330287567738601906e-01
4.701554527115204274e-01
4.712827815355393746e-01
4.541058502432640531e-01
4.898639294331696425e-01
4.562517305486315511e-01
4.263379613148204350e-01
4.948083540999162477e-01
4.950852418812529687e-01
4.127902377279362156e-01
4.756536529409410297e-01
4.757030971876094472e-01
4.550354020806126609e-01
4.755547644476076918e-01
4.457201060084621247e-01
4.598117163086890002e-01
4.596633835686859682e-01
4.788180847276594099e-01
4.876686048811346152e-01
4.477670978204961183e-01
4.467287686404794456e-01
4.173292195720083586e-01
4.386594675843494273e-01
4.312922748308995469e-01
4.095763616945512497e-01
5.147244966575671432e-01
4.612851548593788764e-01
4.415074561923963414e-01
4.624817056287306993e-01
3.978976306316980294e-01
4.873126063051285151e-01
4.638167002887527701e-01
4.259819627388140573e-01
4.644298089474284685e-01
4.484494284245073570e-01
4.530774099125804422e-01
4.225208654720920554e-01
4.523950793085704247e-01
4.374332502669970313e-01
4.366025869229843148e-01
4.690281238875021463e-01
4.620960405047245811e-01
4.164886673786619697e-01
4.737451050195781721e-01
4.378288042403369329e-01
4.679601281594851225e-01
4.603951584193641255e-01
4.821704046517127917e-01
4.402317946283750283e-01
4.157766702266508796e-01
4.706993394248626950e-01
4.391341323523569873e-01
4.698093429848486102e-01
4.622740397927277423e-01
4.507634191685437886e-01
4.898045963371691069e-01
4.593073849926810892e-01
4.757030971876092806e-01
4.616213757367174653e-01
4.250721886001325167e-01
4.902100391598417373e-01
4.687413472568319195e-01
4.150745619239727957e-01
4.180313278746869976e-01
4.770677583956309253e-01
4.376508049523341048e-01
4.464914362564744721e-01
4.278212887148430399e-01
4.412701238083920341e-01
4.467287686404791125e-01
4.377991376923349720e-01
4.549167358886086476e-01
4.612060440647109960e-01
4.226593093627612485e-01
4.762370950516185419e-01
4.366619200189845729e-01
5.130631699695410441e-01
4.743087694315867298e-01
4.645484751394311496e-01
4.368201416083186128e-01
4.925536964518791860e-01
4.217198686760793014e-01
4.577943910446558018e-01
4.384419128990134085e-01
4.754064317076048263e-01
4.666646888967980744e-01
4.582295004153305040e-01
4.543234049286006271e-01
5.019579921680298318e-01
4.518511925952279351e-01
4.307681658162230698e-01
4.698390095328490723e-01
4.059372651398271969e-01
4.679304616114848270e-01
4.106542462719015019e-01
4.355444800442994646e-01
4.241723033107840379e-01
4.398362406550352932e-01
4.282168426881832191e-01
4.631047031367413469e-01
4.724199992088894962e-01
4.659526917447865957e-01
5.131818361615422264e-01
4.728946639768977778e-01
4.784423084529864645e-01
4.189015466160336820e-01
4.510205292512140529e-01
4.858886120011048360e-01
4.522368577192333872e-01
4.190993236027038549e-01
4.685237925714939577e-01
4.341204857402780615e-01
4.340512637949429098e-01
4.871346070171258535e-01
4.283355088801846233e-01
4.834757327637335123e-01
5.047565365294082174e-01
4.279992880028449243e-01
4.747339899529273710e-01
4.532554092005829371e-01
4.861259443851094764e-01
4.343479292749475307e-01
4.795103041810034328e-01
4.533740753925851741e-01
4.978738973932978484e-01
4.552430679166148408e-01
4.152228946639752172e-01
4.493987579605220883e-01
4.299671690202113705e-01
4.279992880028467561e-01
4.289881729361946228e-01
4.637277006447507177e-01
4.588920533206730656e-01
4.571021715913122230e-01
4.367805862109880866e-01
5.041632055693966441e-01
4.657746924567836011e-01
4.808057434436907585e-01
4.417942328230670124e-01
4.470452118191506896e-01
4.146888967999658449e-01
4.390945769550236855e-01
4.201079862347197325e-01
4.711146710968699969e-01
4.287508405521913701e-01
4.346248170562850288e-01
4.690973458328370760e-01
4.453641074324578564e-01
4.361674775523105563e-01
4.294628377042026823e-01
4.534235196392528144e-01
4.167655551599996344e-01
4.857699458091038203e-01
4.571911712353137758e-01
4.369981408963240499e-01
4.154008939519776566e-01
4.110003559985742072e-01
4.654780269767788137e-01
4.798959693050091624e-01
5.009789960840140832e-01
4.921482536292061116e-01
4.858292789051047444e-01
4.841086191210777212e-01
4.749317669395972663e-01
4.394209089830287129e-01
4.272081800561669529e-01
4.362564771963119425e-01
4.247161900241276933e-01
4.382441359123434577e-01
4.314999406669016713e-01
4.741703255409179807e-01
4.681677939954877465e-01
4.572010600846462824e-01
4.297595031842076918e-01
4.191289901507040394e-01
4.882916023891447632e-01
4.186642142320306514e-01
4.698686760808496454e-01
4.388967999683533461e-01
5.029468771013781980e-01
4.750504331315985596e-01
4.365729203749839638e-01
4.479747636564987978e-01
4.934832482892276828e-01
4.577647244966562279e-01
4.721727779755519605e-01
4.698093429848487768e-01
4.223626438827556284e-01
4.141450100866244655e-01
4.940370238519031232e-01
4.539377398045945644e-01
5.176911514576130191e-01
4.008247300344111586e-01
5.007812190973437438e-01
4.658538032514523697e-01
5.190261461176357560e-01
4.167259997626660550e-01
4.263379613148191027e-01
4.430698943870880480e-01
4.782544203156502971e-01
4.301451683082128663e-01
3.931213164036214680e-01
4.831197341877290774e-01
4.435841145524289098e-01
4.777797555476431812e-01
4.518511925952269359e-01
4.684446817768264659e-01
5.092065187294790851e-01
4.594161623353489321e-01
4.368399193069875119e-01
4.622147066967268736e-01
4.948479094972493275e-01
5.003955539733379032e-01
4.393714647363615722e-01
5.570487718049108583e-01
4.313911633242338284e-01
4.664273565127945442e-01
4.630058146434063993e-01
4.322712709149142407e-01
4.337644871642715172e-01
4.517325264032265864e-01
4.860863889877755639e-01
4.102982476958962343e-01
4.064712630038351815e-01
5.215774692456770500e-01
4.347138167002879139e-01
4.618191527233876936e-01
4.870159408251243383e-01
4.721233337288857079e-01
4.731221075115686348e-01
4.301056129108791204e-01
4.143328982239607439e-01
5.043609825560684268e-01
4.650923618527734171e-01
4.741109924449173896e-01
4.917032554091986807e-01
4.609390451327076144e-01
4.212748704560717039e-01
4.698686760808497564e-01
4.652703611407757456e-01
4.354159250029648320e-01
4.334084885882660276e-01
4.269411811241623500e-01
4.521280803765654888e-01
4.191586566987048901e-01
4.425062299750780470e-01
4.848403939717553790e-01
4.528697440765771520e-01
4.942743562359066534e-01
4.285332858668554068e-01
4.572010600846465045e-01
4.294529488548683438e-01
4.432281159764235312e-01
4.533740753925851741e-01
4.335568213282683381e-01
4.109805782999070289e-01
5.082176337961284984e-01
4.051066017958129262e-01
4.145900083066315633e-01
4.732506625529036004e-01
4.317174953522394110e-01
4.805090779636875808e-01
4.289288398401943647e-01
4.716684466595451042e-01
4.293046161148677542e-01
4.433072267710910230e-01
4.208298722360651056e-01
4.437324472924306651e-01
4.235493058027764435e-01
5.124401724615306186e-01
4.294925042522039771e-01
4.793224160436673209e-01
4.616411534353856982e-01
4.750504331315986706e-01
4.390154661603562491e-01
4.380661366243413513e-01
4.060460424824946513e-01
4.424172303310762167e-01
4.427435623590820213e-01
4.253886317788037608e-01
4.554705114512836439e-01
4.705806732328605135e-01
4.778786440409779623e-01
4.266148490961574891e-01
4.623927059847302568e-01
4.411514576163901857e-01
4.061053755784962971e-01
4.530180768165801841e-01
4.416557889323983188e-01
4.193762113840412420e-01
4.177742177920160671e-01
4.578438352913238307e-01
4.464518808591416144e-01
4.479747636564988533e-01
4.885586013211491996e-01
4.489834262885141203e-01
4.293145049642005939e-01
4.692753451208399040e-01
4.679601281594852891e-01
4.290672837308631138e-01
4.977156758039613660e-01
4.631640362327421045e-01
4.578833906886575211e-01
4.363751433883136799e-01
4.433467821684250465e-01
4.589513864166748225e-01
4.359499228669732607e-01
3.845971282781510681e-01
4.766919821209586461e-01
4.730133301689000147e-01
4.502887544005349518e-01
4.622147066967266515e-01
3.694375222499095002e-01
4.854732803290991994e-01
4.933843597958923466e-01
4.226593093627607489e-01
4.640540326727565779e-01
4.039693841224610282e-01
4.508820853605462475e-01
4.644298089474288571e-01
4.379474704323386147e-01
4.242909695027872741e-01
4.466298801471444424e-01
4.088149202958721307e-01
5.039456508840615134e-01
4.269708476721639778e-01
4.349214825362900938e-01
4.344665954669501562e-01
4.158458921719854207e-01
4.890035995411555203e-01
4.417052331790656261e-01
4.395099086270301547e-01
4.560045093152937379e-01
4.920790316838721812e-01
4.888157114038199080e-01
4.293441715122009450e-01
4.190202128080360300e-01
4.704224516435247527e-01
4.177742177920155675e-01
4.454234405284581144e-01
4.819726276650427299e-01
4.356038131403012770e-01
4.643704758514272668e-01
4.495174241525243808e-01
4.369981408963238279e-01
4.255072979708065528e-01
4.226395316640940147e-01
4.341501522882768582e-01
4.337249317669372162e-01
4.455915509671278252e-01
4.409437917803863960e-01
4.466892132431456996e-01
4.475297654364921440e-01
4.339721530002753069e-01
4.790850836596635132e-01
4.285135081681872848e-01
4.359301451683054718e-01
4.474110992444894630e-01
4.165776670226631340e-01
4.569933942486431033e-01
4.593667180886815138e-01
4.073019263478493412e-01
4.854732803290991439e-01
4.944325778252429138e-01
4.281476207428492886e-01
4.269115145761620544e-01
4.408152367390518189e-01
4.640243661247562268e-01
4.515545271152229811e-01
4.547980696966081871e-01
4.269708476721630896e-01
4.572505043313143114e-01
4.800146354970113993e-01
4.558858431232922781e-01
4.137989003599524818e-01
4.380364700763407226e-01
4.919999208892031350e-01
4.857897235077712206e-01
4.099916933665576635e-01
4.752580989676022383e-01
4.661900241287898483e-01
4.232921957201048468e-01
4.447707764724478374e-01
4.210276492227347789e-01
4.744076579249212888e-01
4.792729717969990699e-01
3.954649736956582506e-01
4.377101380483348070e-01
4.206222064000612604e-01
4.273466239468359240e-01
4.332206004509295827e-01
4.499822000711983794e-01
5.184624817056275869e-01
4.600490486926923639e-01
4.567165064673056052e-01
4.495965349471927053e-01
4.579427237846588894e-01
4.269708476721620349e-01
4.715201139195423496e-01
4.769293145049630089e-01
4.795103041810035993e-01
4.913769233811941528e-01
4.755943198449418818e-01
4.196728768640457519e-01
4.291958387721995782e-01
4.145998971559649582e-01
4.164293342826619893e-01
4.206123175507271439e-01
4.472825442031546639e-01
4.405581266563802223e-01
4.441774455124384291e-01
4.374728056643309992e-01
4.404394604643784294e-01
4.777204224516420350e-01
4.251908547921344761e-01
4.765139828329552629e-01
4.637474783434178960e-01
4.568945057553078226e-01
4.903385942011769250e-01
4.543234049286004606e-01
5.011372176733496220e-01
4.604544915153658269e-01
4.566571733713050141e-01
4.129286816186052422e-01
4.435841145524299645e-01
3.995194019223899384e-01
4.311834974882301497e-01
4.562418416992990999e-01
4.420414540564040484e-01
4.331414896562616468e-01
4.454432182271252372e-01
5.213698034096733158e-01
4.567758395633061408e-01
4.381848028163421449e-01
4.196728768640466400e-01
4.438214469364334946e-01
4.385605790910149793e-01
4.931173608638879102e-01
4.056109331118208927e-01
3.928839840196173272e-01
4.754657648036041961e-01
4.401922392310416710e-01
4.728946639768976667e-01
4.992978916973198622e-01
4.871346070171255760e-01
4.559847316166270592e-01
5.076836359321211800e-01
4.671986867608078353e-01
4.328151576282569524e-01
4.359894782643066180e-01
4.212946481547387712e-01
4.764843162849551894e-01
4.167062220639990988e-01
4.872532732091272578e-01
4.663086903207921408e-01
4.864423875637813310e-01
4.242118587081197822e-01
4.854732803290988663e-01
4.304319449388860908e-01
4.042462719037983043e-01
4.312922748308999354e-01
4.631541473834088207e-01
4.437917803884318113e-01
4.260511846841480987e-01
4.476780981764946765e-01
4.430501166884200370e-01
4.390154661603558051e-01
4.042363830544664083e-01
4.191982120960388025e-01
4.668624658834680807e-01
4.540860725445960977e-01
4.742593251849185343e-01
4.386891341323507776e-01
4.593667180886824020e-01
4.518511925952274355e-01
4.422491198924081157e-01
4.145998971559657909e-01
4.648253629207688697e-01
4.176852181480150139e-01
4.244491910921222577e-01
4.805684110596868952e-01
4.174083303666776823e-01
4.793619714410011223e-01
4.316284957082375806e-01
4.295815038962041976e-01
4.474308769431578625e-01
4.648154740714353639e-01
4.462541038724710529e-01
4.150448953759709458e-01
4.213342035520724616e-01
4.636090344527493690e-01
4.677326846248147652e-01
4.383628021043452505e-01
4.879850480598058593e-01
4.481725406431687486e-01
4.375321387603322565e-01
4.317768284482406127e-01
4.649736956607713467e-01
4.417151220283988544e-01
4.754064317076052149e-01
4.436731141964302405e-01
4.412107907123907213e-01
4.657746924567839342e-01
4.397867964083682635e-01
4.278509552628433354e-01
4.317174953522391889e-01
4.431094497844219604e-01
4.910209248051878861e-01
4.724199992088897182e-01
4.752284324196014431e-01
4.108322455599049405e-01
4.377101380483344739e-01
4.729737747715663243e-01
4.384715794470129269e-01
4.615027095447157279e-01
4.463134369684721436e-01
4.385704679403485406e-01
4.253688540801370266e-01
4.596633835686857461e-01
4.372552509789946473e-01
4.663284680194593190e-01
4.364641430323145110e-01
4.498140896325300564e-01
4.085775879118682119e-01
4.472232111071531291e-01
4.622147066967259854e-01
5.114018432815136128e-01
4.601380483366942498e-01
4.845239507930838574e-01
4.567165064673054942e-01
4.774039792729696807e-01
4.176753292986807864e-01
4.553815118072844226e-01
4.410624579723881888e-01
4.418041216724005182e-01
3.981942961117020952e-01
4.896265970491651687e-01
4.584173885526662273e-01
4.338534868082730700e-01
4.741999920889187203e-01
4.691764566275044013e-01
3.900656619595726515e-01
4.563011747952995800e-01
4.642814762074259360e-01
4.925536964518784089e-01
4.856710573157693722e-01
4.631937027807420670e-01
4.372354732803276356e-01
4.260215181361479697e-01
4.588327202246729186e-01
4.548574027926097219e-01
4.654186938807786111e-01
4.387781337763515532e-01
4.373739171709952189e-01
4.204936513587256841e-01
4.104465804358976566e-01
4.625707052727331403e-01
4.470551006684844730e-01
4.631047031367408473e-01
4.370871405403252696e-01
4.365729203749830201e-01
4.425457853724125701e-01
4.496954234405268203e-01
4.503777540445368932e-01
5.435307147660288773e-01
4.078062576638568082e-01
4.442565563071062540e-01
4.358114789763040675e-01
4.742296586369194600e-01
4.972805664332886622e-01
4.480340967524990559e-01
5.145168308215637420e-01
4.818539614730409926e-01
3.957220837783300693e-01
4.757426525849436372e-01
4.398164629563688921e-01
4.604050472686978535e-01
4.541651833392644777e-01
4.344665954669496566e-01
4.337941537122718128e-01
4.607907123927041937e-01
4.451861081444545287e-01
4.556880661366224938e-01
4.819924053637094641e-01
4.264961829041553631e-01
4.418634547684017755e-01
4.117420196985853709e-01
4.293936157588680858e-01
4.404987935603802973e-01
4.606127131047024204e-01
4.437621138404311827e-01
4.624718167793979706e-01
4.831790672837290579e-01
4.949072425932499741e-01
4.520885249792315208e-01
4.519204145405626427e-01
4.827637356117228107e-01
4.096159170918855508e-01
4.238855266801132560e-01
4.398659072030360329e-01
4.388967999683543453e-01
4.259226296428125780e-01
4.568747280566414770e-01
4.828032910090575003e-01
4.569933942486430478e-01
4.687413472568311423e-01
4.612851548593788764e-01
4.791543056049984983e-01
4.367805862109872539e-01
4.636584786994164542e-01
4.694137890115088196e-01
4.331414896562615358e-01
4.752679878169359662e-01
4.746153237609246345e-01
4.201475416320535894e-01
4.416854554803985033e-01
4.731616629089017700e-01
4.031782761757817246e-01
4.689193465448345810e-01
4.416459000830639803e-01
4.413887900003936049e-01
4.880246034571393832e-01
3.905403267275794343e-01
4.473220996004881322e-01
4.295419484988711178e-01
4.374332502669971423e-01
4.485680946165089278e-01
4.749614334875978394e-01
3.980162968236987675e-01
4.572900597286485569e-01
4.634607017127475581e-01
4.510205292512140529e-01
4.566670622206391306e-01
4.609687116807071328e-01
4.133835686879458460e-01
4.440587793204363587e-01
4.252501878881352337e-01
4.438214469364322179e-01
4.663680234167940641e-01
4.385111348443474499e-01
4.340512637949436869e-01
4.000929551837334452e-01
4.744571021715895953e-01
4.535817412285887973e-01
4.663086903207923628e-01
4.494185356591889335e-01
4.461947707764704618e-01
4.288695067441927744e-01
4.448498872671154403e-01
4.625113721767317165e-01
4.838613978877398525e-01
4.684941260234940508e-01
4.637178117954179335e-01
4.531960761045826791e-01
4.467881017364793150e-01
4.463332146671400436e-01
4.322514932162467294e-01
4.421007871524058053e-01
5.203908073256573452e-01
4.246173015307922460e-01
4.383825798030121512e-01
4.962620149519391677e-01
4.440587793204373579e-01
4.525434120485718470e-01
4.893892646651619160e-01
4.669316878288024553e-01
4.696313436968453381e-01
4.630750365887407738e-01
4.223626438827560170e-01
4.863632767691138392e-01
4.745559906649248205e-01
4.093192516118800417e-01
4.210672046200686358e-01
4.692654562715068978e-01
4.571120604406452848e-01
4.324294925042499460e-01
4.685633479688287029e-01
4.315394960642357503e-01
4.182785491080240892e-01
4.516731933072248295e-01
4.395692417230304128e-01
4.405581266563798892e-01
4.534334084885872085e-01
4.516534156085580953e-01
4.935722479332287915e-01
4.946105771132450202e-01
4.386594675843501490e-01
4.124639056999308551e-01
4.777599778489751148e-01
4.274455124401717043e-01
4.582987223606641014e-01
4.713520034808729720e-01
4.906352596811819344e-01
4.181895494640224253e-01
4.912879237371912677e-01
4.159052252679857897e-01
4.332304893002629775e-01
4.605731577073667871e-01
4.201475416320538669e-01
4.063130414144991986e-01
4.384221352003460637e-01
4.693841224635085796e-01
4.492405363711849953e-01
4.420414540564044925e-01
4.159546695146532636e-01
4.630651477394071569e-01
4.528005221312426110e-01
4.245579684347904337e-01
4.815276294450355765e-01
4.971025671452859451e-01
4.367904750603199271e-01
4.693940113128418634e-01
4.165875558719963068e-01
4.394307978323612751e-01
4.342391519322795213e-01
4.588524979233399304e-01
4.863039436731121934e-01
4.619773743127220111e-01
4.598018274593554944e-01
4.280388434001793918e-01
4.779379771369789975e-01
4.802816344290170569e-01
4.389264665163543633e-01
4.474012103951565678e-01
4.401625726830397656e-01
4.905759265851802886e-01
4.335568213282678940e-01
4.302539456508818749e-01
4.552727344646151919e-01
4.634013686167462454e-01
4.608401566393715010e-01
5.130038368735393428e-01
4.683754598314923689e-01
4.908725920651861863e-01
4.745559906649236548e-01
4.486472054111774743e-01
4.353071476602964895e-01
4.117519085479195429e-01
3.955243067916589528e-01
4.556880661366218832e-01
4.753273209129380006e-01
4.504074205925395202e-01
4.604544915153653828e-01
4.576065029073189128e-01
4.188026581226995670e-01
4.107630236145705105e-01
4.739923262529152082e-01
4.550551797792787845e-01
4.012796171037521509e-01
4.194948775760429238e-01
4.750306554329321029e-01
4.579328349353247729e-01
4.152723389106421914e-01
4.604940469126982960e-01
4.616807088327179454e-01
4.690973458328371315e-01
4.593073849926804786e-01
4.632827024247443970e-01
4.264368498081540504e-01
4.411415687670571795e-01
4.473122107511545709e-01
4.469661010244834198e-01
4.213935366480737188e-01
4.631640362327424931e-01
5.058245322574257408e-01
4.264071832601534218e-01
4.863632767691134506e-01
4.751493216249337292e-01
4.774039792729695697e-01
4.137989003599527038e-01
4.730726632649013275e-01
4.857897235077706655e-01
4.535817412285895189e-01
4.443158894031065120e-01
4.236778608441102434e-01
4.712333372888713456e-01
4.609687116807070217e-01
4.891519322811577197e-01
5.066848621494388638e-01
3.991436256477178812e-01
4.189608797120341066e-01
4.752679878169359662e-01
4.317372730509054790e-01
4.724793323048913640e-01
4.356928127843020526e-01
4.248645227641293931e-01
4.081029231438608185e-01
4.735671057315750110e-01
4.808057434436912025e-01
4.823286262410475533e-01
4.666646888967987405e-01
4.159348918159864739e-01
5.213994699576731673e-01
4.273466239468357575e-01
4.593667180886811252e-01
5.166824888255987513e-01
4.694236778608414928e-01
4.620960405047243036e-01
4.682864601874910382e-01
4.444147778964429585e-01
4.412107907123913875e-01
4.800146354970112883e-01
4.296705035402060280e-01
4.851172817530933212e-01
5.041038724733969412e-01
4.567165064673057162e-01
4.582591669633305220e-01
4.043649380958015405e-01
5.051323128040806631e-01
4.536114077765894814e-01
4.603358253233632014e-01
4.926822514932157060e-01
4.469957675724839374e-01
3.997369566077269565e-01
4.427831177564159892e-01
4.479747636564990199e-01
4.555100668486195548e-01
4.509611961552127957e-01
4.501107551125331230e-01
4.778390886436435503e-01
4.440192239231016691e-01
4.624520390807313475e-01
4.288101736481926829e-01
4.587733871286719944e-01
4.436928918950975853e-01
4.414777896443946026e-01
4.863237213717793161e-01
4.511194177445499442e-01
4.939579130572349097e-01
4.895672639531644110e-01
4.802816344290150585e-01
4.845239507930844125e-01
4.614433764487150258e-01
4.987836715319792225e-01
4.434258929630933155e-01
4.574087259206496281e-01
4.402614611763753238e-01
4.674360191448106439e-01
4.146493414026318214e-01
5.315157628258359024e-01
4.583580554566649146e-01
4.887959337051520636e-01
4.947885764012485699e-01
4.468968790791475465e-01
4.280981764961822034e-01
4.709663383568669093e-01
4.915252561211962412e-01
4.550947351766125859e-01
4.564890629326354698e-01
4.417052331790653485e-01
4.708476721648651164e-01
4.061449309758290438e-01
4.650626953047720669e-01
3.927949843756170512e-01
4.914263676278609605e-01
4.161920018986573488e-01
4.509414184565471717e-01
4.568153949606404418e-01
4.489834262885153415e-01
4.190103239587015249e-01
4.214232031960739588e-01
4.908033701198517007e-01
5.008998852893458142e-01
4.491812032751850703e-01
4.725386654008920662e-01
4.763063169969523614e-01
4.482912068351707080e-01
4.958565721292649831e-01
4.485285392191749598e-01
3.955836398876599880e-01
4.305506111308872730e-01
4.358708120723051027e-01
4.552727344646156915e-01
4.678216842688168176e-01
4.255468533681402432e-01
4.529587437205790379e-01
